Copyright 1986-2022 Xilinx, Inc. All Rights Reserved. Copyright 2022-2023 Advanced Micro Devices, Inc. All Rights Reserved.
---------------------------------------------------------------------------------------------------------------------------------------------
| Tool Version : Vivado v.2023.1 (win64) Build 3865809 Sun May  7 15:05:29 MDT 2023
| Date         : Sat Oct 21 13:57:06 2023
| Host         : TSUKANO running 64-bit major release  (build 9200)
| Command      : upgrade_project -migrate_output_products
| Project_Path : C:/Users/yuta0/Downloads/music_sequencer/music_sequencer/music_sequencer/music_sequencer.xpr
---------------------------------------------------------------------------------------------------------------------------------------------

Project Status Summary

1. Project IP Status
--------------------
This project contains 7 IP and 0 Block Designs.


1.1 Project IP Instances
+---------------------+-------------------------+-------------------------------------+-------------------------------------+
| Instance Name       | Status                  | Reason                              | Recommendation                      |
+---------------------+-------------------------+-------------------------------------+-------------------------------------+
| blk_mem_gen_0       | Will be Migrated.       |                                     |                                     |
+---------------------+-------------------------+-------------------------------------+-------------------------------------+
| blk_mem_gen_1       | Will be Migrated.       |                                     |                                     |
+---------------------+-------------------------+-------------------------------------+-------------------------------------+
| blk_mem_gen_2       | Will be Migrated.       |                                     |                                     |
+---------------------+-------------------------+-------------------------------------+-------------------------------------+
| blk_mem_gen_3       | Will be Migrated.       |                                     |                                     |
+---------------------+-------------------------+-------------------------------------+-------------------------------------+
| blk_mem_gen_4       | Will be Migrated.       |                                     |                                     |
+---------------------+-------------------------+-------------------------------------+-------------------------------------+
| blk_mem_gen_5       | Will be Migrated.       |                                     |                                     |
+---------------------+-------------------------+-------------------------------------+-------------------------------------+
| blk_mem_gen_Display | Will be Migrated.       |                                     |                                     |
+---------------------+-------------------------+-------------------------------------+-------------------------------------+



