#-----------------------------------------------------------
# Vivado v2023.1 (64-bit)
# SW Build 3865809 on Sun May  7 15:05:29 MDT 2023
# IP Build 3864474 on Sun May  7 20:36:21 MDT 2023
# SharedData Build 3865790 on Sun May 07 13:33:03 MDT 2023
# Start of session at: Sat Oct 21 13:56:40 2023
# Process ID: 14120
# Current directory: C:/Users/yuta0/Downloads/music_sequencer/music_sequencer/music_sequencer
# Command line: vivado.exe -gui_launcher_event rodinguilauncherevent34492 C:\Users\yuta0\Downloads\music_sequencer\music_sequencer\music_sequencer\music_sequencer.xpr
# Log file: C:/Users/yuta0/Downloads/music_sequencer/music_sequencer/music_sequencer/vivado.log
# Journal file: C:/Users/yuta0/Downloads/music_sequencer/music_sequencer/music_sequencer\vivado.jou
# Running On: TSUKANO, OS: Windows, CPU Frequency: 1996 MHz, CPU Physical cores: 16, Host memory: 14877 MB
#-----------------------------------------------------------
start_gui
open_project C:/Users/yuta0/Downloads/music_sequencer/music_sequencer/music_sequencer/music_sequencer.xpr
WARNING: [Board 49-26] cannot add Board Part xilinx.com:kc705:part0:1.6 available at C:/Xilinx/Vivado/2023.1/data/xhub/boards/XilinxBoardStore/boards/Xilinx/kc705/1.6/board.xml as part xc7k325tffg900-2 specified in board_part file is either invalid or not available
WARNING: [Board 49-26] cannot add Board Part xilinx.com:kcu105:part0:1.6 available at C:/Xilinx/Vivado/2023.1/data/xhub/boards/XilinxBoardStore/boards/Xilinx/kcu105/1.6/board.xml as part xcku040-ffva1156-2-e specified in board_part file is either invalid or not available
WARNING: [Board 49-26] cannot add Board Part xilinx.com:kcu105:part0:1.7 available at C:/Xilinx/Vivado/2023.1/data/xhub/boards/XilinxBoardStore/boards/Xilinx/kcu105/1.7/board.xml as part xcku040-ffva1156-2-e specified in board_part file is either invalid or not available
WARNING: [Board 49-26] cannot add Board Part xilinx.com:kcu1500:part0:1.2 available at C:/Xilinx/Vivado/2023.1/data/xhub/boards/XilinxBoardStore/boards/Xilinx/kcu1500/1.2/board.xml as part xcku115-flvb2104-2-e specified in board_part file is either invalid or not available
WARNING: [Board 49-26] cannot add Board Part xilinx.com:vc707:part0:1.4 available at C:/Xilinx/Vivado/2023.1/data/xhub/boards/XilinxBoardStore/boards/Xilinx/vc707/1.4/board.xml as part xc7vx485tffg1761-2 specified in board_part file is either invalid or not available
WARNING: [Board 49-26] cannot add Board Part xilinx.com:vc709:part0:1.8 available at C:/Xilinx/Vivado/2023.1/data/xhub/boards/XilinxBoardStore/boards/Xilinx/vc709/1.8/board.xml as part xc7vx690tffg1761-2 specified in board_part file is either invalid or not available
WARNING: [Board 49-26] cannot add Board Part xilinx.com:vck190:part0:2.2 available at C:/Xilinx/Vivado/2023.1/data/xhub/boards/XilinxBoardStore/boards/Xilinx/vck190/production/2.2/board.xml as part xcvc1902-vsva2197-2mp-e-s specified in board_part file is either invalid or not available
WARNING: [Board 49-26] cannot add Board Part xilinx.com:vck190:part0:3.0 available at C:/Xilinx/Vivado/2023.1/data/xhub/boards/XilinxBoardStore/boards/Xilinx/vck190/production/3.0/board.xml as part xcvc1902-vsva2197-2mp-e-s specified in board_part file is either invalid or not available
WARNING: [Board 49-26] cannot add Board Part xilinx.com:vck190:part0:3.1 available at C:/Xilinx/Vivado/2023.1/data/xhub/boards/XilinxBoardStore/boards/Xilinx/vck190/production/3.1/board.xml as part xcvc1902-vsva2197-2mp-e-s specified in board_part file is either invalid or not available
WARNING: [Board 49-26] cannot add Board Part xilinx.com:vck190:part0:3.2 available at C:/Xilinx/Vivado/2023.1/data/xhub/boards/XilinxBoardStore/boards/Xilinx/vck190/production/3.2/board.xml as part xcvc1902-vsva2197-2mp-e-s specified in board_part file is either invalid or not available
WARNING: [Board 49-26] cannot add Board Part xilinx.com:vck190_newl:part0:1.0 available at C:/Xilinx/Vivado/2023.1/data/xhub/boards/XilinxBoardStore/boards/Xilinx/vck190_newl/production/1.0/board.xml as part xcvc1902-vsva2197-2mp-e-s specified in board_part file is either invalid or not available
WARNING: [Board 49-26] cannot add Board Part xilinx.com:vck190_newl:part0:1.1 available at C:/Xilinx/Vivado/2023.1/data/xhub/boards/XilinxBoardStore/boards/Xilinx/vck190_newl/production/1.1/board.xml as part xcvc1902-vsva2197-2mp-e-s specified in board_part file is either invalid or not available
WARNING: [Board 49-26] cannot add Board Part xilinx.com:vcu108:part0:1.6 available at C:/Xilinx/Vivado/2023.1/data/xhub/boards/XilinxBoardStore/boards/Xilinx/vcu108/1.6/board.xml as part xcvu095-ffva2104-2-e specified in board_part file is either invalid or not available
WARNING: [Board 49-26] cannot add Board Part xilinx.com:vcu108:part0:1.7 available at C:/Xilinx/Vivado/2023.1/data/xhub/boards/XilinxBoardStore/boards/Xilinx/vcu108/1.7/board.xml as part xcvu095-ffva2104-2-e specified in board_part file is either invalid or not available
WARNING: [Board 49-26] cannot add Board Part xilinx.com:vcu110:part0:1.4 available at C:/Xilinx/Vivado/2023.1/data/xhub/boards/XilinxBoardStore/boards/Xilinx/vcu110/1.4/board.xml as part xcvu190-flgc2104-2-e specified in board_part file is either invalid or not available
WARNING: [Board 49-26] cannot add Board Part xilinx.com:vcu118:part0:2.0 available at C:/Xilinx/Vivado/2023.1/data/xhub/boards/XilinxBoardStore/boards/Xilinx/vcu118/2.0/board.xml as part xcvu9p-flga2104-2l-e specified in board_part file is either invalid or not available
WARNING: [Board 49-26] cannot add Board Part xilinx.com:vcu118:part0:2.3 available at C:/Xilinx/Vivado/2023.1/data/xhub/boards/XilinxBoardStore/boards/Xilinx/vcu118/2.3/board.xml as part xcvu9p-flga2104-2l-e specified in board_part file is either invalid or not available
WARNING: [Board 49-26] cannot add Board Part xilinx.com:vcu118:part0:2.4 available at C:/Xilinx/Vivado/2023.1/data/xhub/boards/XilinxBoardStore/boards/Xilinx/vcu118/2.4/board.xml as part xcvu9p-flga2104-2l-e specified in board_part file is either invalid or not available
WARNING: [Board 49-26] cannot add Board Part xilinx.com:vcu129:part0:1.0 available at C:/Xilinx/Vivado/2023.1/data/xhub/boards/XilinxBoardStore/boards/Xilinx/vcu129/production/1.0/board.xml as part xcvu29p-fsga2577-2l-e specified in board_part file is either invalid or not available
WARNING: [Board 49-26] cannot add Board Part xilinx.com:vcu1525:part0:1.3 available at C:/Xilinx/Vivado/2023.1/data/xhub/boards/XilinxBoardStore/boards/Xilinx/vcu1525/1.3/board.xml as part xcvu9p-fsgd2104-2l-e specified in board_part file is either invalid or not available
WARNING: [Board 49-26] cannot add Board Part xilinx.com:vek280_es:part0:1.0 available at C:/Xilinx/Vivado/2023.1/data/xhub/boards/XilinxBoardStore/boards/Xilinx/vek280/es/rev_a/1.0/board.xml as part xcve2802-vsvh1760-2lp-e-s-es1 specified in board_part file is either invalid or not available
WARNING: [Board 49-26] cannot add Board Part xilinx.com:vek280_es:part0:1.1 available at C:/Xilinx/Vivado/2023.1/data/xhub/boards/XilinxBoardStore/boards/Xilinx/vek280/es/rev_a/1.1/board.xml as part xcve2802-vsvh1760-2lp-e-s-es1 specified in board_part file is either invalid or not available
WARNING: [Board 49-26] cannot add Board Part xilinx.com:vek280_es_revb:part0:1.0 available at C:/Xilinx/Vivado/2023.1/data/xhub/boards/XilinxBoardStore/boards/Xilinx/vek280/es/rev_b/1.0/board.xml as part xcve2802-vsvh1760-2mp-e-s-es1 specified in board_part file is either invalid or not available
WARNING: [Board 49-26] cannot add Board Part xilinx.com:vek280_es_revb:part0:1.1 available at C:/Xilinx/Vivado/2023.1/data/xhub/boards/XilinxBoardStore/boards/Xilinx/vek280/es/rev_b/1.1/board.xml as part xcve2802-vsvh1760-2mp-e-s-es1 specified in board_part file is either invalid or not available
WARNING: [Board 49-26] cannot add Board Part xilinx.com:vermeo_t1_mpsoc:part0:1.0 available at C:/Xilinx/Vivado/2023.1/data/xhub/boards/XilinxBoardStore/boards/Xilinx/vermeo_t1_mpsoc/1.0/board.xml as part xczu19eg-ffvd1760-2l-e specified in board_part file is either invalid or not available
WARNING: [Board 49-26] cannot add Board Part xilinx.com:vermeo_t1_rfsoc:part0:1.0 available at C:/Xilinx/Vivado/2023.1/data/xhub/boards/XilinxBoardStore/boards/Xilinx/vermeo_t1_rfsoc/1.0/board.xml as part xczu21dr-ffvd1156-2l-e specified in board_part file is either invalid or not available
WARNING: [Board 49-26] cannot add Board Part xilinx.com:vhk158:part0:1.0 available at C:/Xilinx/Vivado/2023.1/data/xhub/boards/XilinxBoardStore/boards/Xilinx/vhk158/production/1.0/board.xml as part xcvh1582-vsva3697-2mp-e-s specified in board_part file is either invalid or not available
WARNING: [Board 49-26] cannot add Board Part xilinx.com:vhk158_es:part0:1.0 available at C:/Xilinx/Vivado/2023.1/data/xhub/boards/XilinxBoardStore/boards/Xilinx/vhk158/es/1.0/board.xml as part xcvh1582-vsva3697-2mp-e-s-es1 specified in board_part file is either invalid or not available
WARNING: [Board 49-26] cannot add Board Part xilinx.com:vhk158_es:part0:1.1 available at C:/Xilinx/Vivado/2023.1/data/xhub/boards/XilinxBoardStore/boards/Xilinx/vhk158/es/1.1/board.xml as part xcvh1582-vsva3697-2mp-e-s-es1 specified in board_part file is either invalid or not available
WARNING: [Board 49-26] cannot add Board Part xilinx.com:vmk180:part0:2.2 available at C:/Xilinx/Vivado/2023.1/data/xhub/boards/XilinxBoardStore/boards/Xilinx/vmk180/production/2.2/board.xml as part xcvm1802-vsva2197-2mp-e-s specified in board_part file is either invalid or not available
WARNING: [Board 49-26] cannot add Board Part xilinx.com:vmk180:part0:3.0 available at C:/Xilinx/Vivado/2023.1/data/xhub/boards/XilinxBoardStore/boards/Xilinx/vmk180/production/3.0/board.xml as part xcvm1802-vsva2197-2mp-e-s specified in board_part file is either invalid or not available
WARNING: [Board 49-26] cannot add Board Part xilinx.com:vmk180:part0:3.1 available at C:/Xilinx/Vivado/2023.1/data/xhub/boards/XilinxBoardStore/boards/Xilinx/vmk180/production/3.1/board.xml as part xcvm1802-vsva2197-2mp-e-s specified in board_part file is either invalid or not available
WARNING: [Board 49-26] cannot add Board Part xilinx.com:vmk180:part0:3.2 available at C:/Xilinx/Vivado/2023.1/data/xhub/boards/XilinxBoardStore/boards/Xilinx/vmk180/production/3.2/board.xml as part xcvm1802-vsva2197-2mp-e-s specified in board_part file is either invalid or not available
WARNING: [Board 49-26] cannot add Board Part xilinx.com:vmk180_newl:part0:1.0 available at C:/Xilinx/Vivado/2023.1/data/xhub/boards/XilinxBoardStore/boards/Xilinx/vmk180_newl/production/1.0/board.xml as part xcvm1802-vsva2197-2mp-e-s specified in board_part file is either invalid or not available
WARNING: [Board 49-26] cannot add Board Part xilinx.com:vmk180_newl:part0:1.1 available at C:/Xilinx/Vivado/2023.1/data/xhub/boards/XilinxBoardStore/boards/Xilinx/vmk180_newl/production/1.1/board.xml as part xcvm1802-vsva2197-2mp-e-s specified in board_part file is either invalid or not available
WARNING: [Board 49-26] cannot add Board Part xilinx.com:vpk120:part0:1.0 available at C:/Xilinx/Vivado/2023.1/data/xhub/boards/XilinxBoardStore/boards/Xilinx/vpk120/production/1.0/board.xml as part xcvp1202-vsva2785-2mp-e-s specified in board_part file is either invalid or not available
WARNING: [Board 49-26] cannot add Board Part xilinx.com:vpk120:part0:1.1 available at C:/Xilinx/Vivado/2023.1/data/xhub/boards/XilinxBoardStore/boards/Xilinx/vpk120/production/1.1/board.xml as part xcvp1202-vsva2785-2mp-e-s specified in board_part file is either invalid or not available
WARNING: [Board 49-26] cannot add Board Part xilinx.com:vpk120_es:part0:1.2 available at C:/Xilinx/Vivado/2023.1/data/xhub/boards/XilinxBoardStore/boards/Xilinx/vpk120/es/1.2/board.xml as part xcvp1202-vsva2785-2mp-e-s-es1 specified in board_part file is either invalid or not available
WARNING: [Board 49-26] cannot add Board Part xilinx.com:vpk120_es:part0:1.3 available at C:/Xilinx/Vivado/2023.1/data/xhub/boards/XilinxBoardStore/boards/Xilinx/vpk120/es/1.3/board.xml as part xcvp1202-vsva2785-2mp-e-s-es1 specified in board_part file is either invalid or not available
WARNING: [Board 49-26] cannot add Board Part xilinx.com:vpk120_es_revb:part0:1.0 available at C:/Xilinx/Vivado/2023.1/data/xhub/boards/XilinxBoardStore/boards/Xilinx/vpk120_revb/es/1.0/board.xml as part xcvp1202-vsva2785-2mp-e-s-es1 specified in board_part file is either invalid or not available
WARNING: [Board 49-26] cannot add Board Part xilinx.com:vpk120_es_revb:part0:1.1 available at C:/Xilinx/Vivado/2023.1/data/xhub/boards/XilinxBoardStore/boards/Xilinx/vpk120_revb/es/1.1/board.xml as part xcvp1202-vsva2785-2mp-e-s-es1 specified in board_part file is either invalid or not available
WARNING: [Board 49-26] cannot add Board Part xilinx.com:vpk180:part0:1.0 available at C:/Xilinx/Vivado/2023.1/data/xhub/boards/XilinxBoardStore/boards/Xilinx/vpk180/production/1.0/board.xml as part xcvp1802-lsvc4072-2mp-e-s specified in board_part file is either invalid or not available
WARNING: [Board 49-26] cannot add Board Part xilinx.com:vpk180:part0:1.1 available at C:/Xilinx/Vivado/2023.1/data/xhub/boards/XilinxBoardStore/boards/Xilinx/vpk180/production/1.1/board.xml as part xcvp1802-lsvc4072-2mp-e-s specified in board_part file is either invalid or not available
WARNING: [Board 49-26] cannot add Board Part xilinx.com:vpk180_es:part0:1.0 available at C:/Xilinx/Vivado/2023.1/data/xhub/boards/XilinxBoardStore/boards/Xilinx/vpk180/es/1.0/board.xml as part xcvp1802-lsvc4072-2mp-e-s-es1 specified in board_part file is either invalid or not available
WARNING: [Board 49-26] cannot add Board Part xilinx.com:vpk180_es:part0:1.1 available at C:/Xilinx/Vivado/2023.1/data/xhub/boards/XilinxBoardStore/boards/Xilinx/vpk180/es/1.1/board.xml as part xcvp1802-lsvc4072-2mp-e-s-es1 specified in board_part file is either invalid or not available
WARNING: [Board 49-26] cannot add Board Part xilinx.com:zc706:part0:1.4 available at C:/Xilinx/Vivado/2023.1/data/xhub/boards/XilinxBoardStore/boards/Xilinx/zc706/1.4/board.xml as part xc7z045ffg900-2 specified in board_part file is either invalid or not available
WARNING: [Board 49-26] cannot add Board Part xilinx.com:zcu102:part0:3.3 available at C:/Xilinx/Vivado/2023.1/data/xhub/boards/XilinxBoardStore/boards/Xilinx/zcu102/3.3/board.xml as part xczu9eg-ffvb1156-2-e specified in board_part file is either invalid or not available
WARNING: [Board 49-26] cannot add Board Part xilinx.com:zcu102:part0:3.4 available at C:/Xilinx/Vivado/2023.1/data/xhub/boards/XilinxBoardStore/boards/Xilinx/zcu102/3.4/board.xml as part xczu9eg-ffvb1156-2-e specified in board_part file is either invalid or not available
WARNING: [Board 49-26] cannot add Board Part xilinx.com:zcu111:part0:1.2 available at C:/Xilinx/Vivado/2023.1/data/xhub/boards/XilinxBoardStore/boards/Xilinx/zcu111/1.2/board.xml as part xczu28dr-ffvg1517-2-e specified in board_part file is either invalid or not available
WARNING: [Board 49-26] cannot add Board Part xilinx.com:zcu111:part0:1.3 available at C:/Xilinx/Vivado/2023.1/data/xhub/boards/XilinxBoardStore/boards/Xilinx/zcu111/1.3/board.xml as part xczu28dr-ffvg1517-2-e specified in board_part file is either invalid or not available
WARNING: [Board 49-26] cannot add Board Part xilinx.com:zcu111:part0:1.4 available at C:/Xilinx/Vivado/2023.1/data/xhub/boards/XilinxBoardStore/boards/Xilinx/zcu111/1.4/board.xml as part xczu28dr-ffvg1517-2-e specified in board_part file is either invalid or not available
WARNING: [Board 49-26] cannot add Board Part xilinx.com:zcu1275:part0:1.0 available at C:/Xilinx/Vivado/2023.1/data/xhub/boards/XilinxBoardStore/boards/Xilinx/zcu1275/1.0/board.xml as part xczu29dr-ffvf1760-2-e specified in board_part file is either invalid or not available
WARNING: [Board 49-26] cannot add Board Part xilinx.com:zcu1285:part0:1.0 available at C:/Xilinx/Vivado/2023.1/data/xhub/boards/XilinxBoardStore/boards/Xilinx/zcu1285/1.0/board.xml as part xczu39dr-ffvf1760-2-i specified in board_part file is either invalid or not available
WARNING: [Board 49-26] cannot add Board Part xilinx.com:zcu208:part0:2.0 available at C:/Xilinx/Vivado/2023.1/data/xhub/boards/XilinxBoardStore/boards/Xilinx/zcu208/production/2.0/board.xml as part xczu48dr-fsvg1517-2-e specified in board_part file is either invalid or not available
WARNING: [Board 49-26] cannot add Board Part xilinx.com:zcu208ld:part0:2.0 available at C:/Xilinx/Vivado/2023.1/data/xhub/boards/XilinxBoardStore/boards/Xilinx/zcu208ld/production/2.0/board.xml as part xczu58dr-fsvg1517-2-i specified in board_part file is either invalid or not available
WARNING: [Board 49-26] cannot add Board Part xilinx.com:zcu216:part0:2.0 available at C:/Xilinx/Vivado/2023.1/data/xhub/boards/XilinxBoardStore/boards/Xilinx/zcu216/production/2.0/board.xml as part xczu49dr-ffvf1760-2-e specified in board_part file is either invalid or not available
WARNING: [Board 49-26] cannot add Board Part xilinx.com:zcu216ld:part0:2.0 available at C:/Xilinx/Vivado/2023.1/data/xhub/boards/XilinxBoardStore/boards/Xilinx/zcu216ld/production/2.0/board.xml as part xczu59dr-ffvf1760-2-i specified in board_part file is either invalid or not available
WARNING: [Board 49-26] cannot add Board Part xilinx.com:zcu670:part0:2.0 available at C:/Xilinx/Vivado/2023.1/data/xhub/boards/XilinxBoardStore/boards/Xilinx/zcu670/2.0/board.xml as part xczu67dr-fsve1156-2-i specified in board_part file is either invalid or not available
WARNING: [Board 49-26] cannot add Board Part xilinx.com:zcu670ld:part0:1.0 available at C:/Xilinx/Vivado/2023.1/data/xhub/boards/XilinxBoardStore/boards/Xilinx/zcu670ld/1.0/board.xml as part xczu57dr-fsve1156-2-i specified in board_part file is either invalid or not available
INFO: [Project 1-313] Project file moved from '/home/kenta/Downloads/music_sequencer/vivado_project' since last save.
Scanning sources...
Finished scanning sources
INFO: [IP_Flow 19-234] Refreshing IP repositories
INFO: [IP_Flow 19-1704] No user IP repositories specified
INFO: [IP_Flow 19-2313] Loaded Vivado IP repository 'C:/Xilinx/Vivado/2023.1/data/ip'.
WARNING: [IP_Flow 19-2162] IP 'blk_mem_gen_Display' is locked:
* IP definition 'Block Memory Generator (8.4)' for IP 'blk_mem_gen_Display' (customized with software release 2019.1.1) has a different revision in the IP Catalog.
WARNING: [IP_Flow 19-2162] IP 'blk_mem_gen_0' is locked:
* IP definition 'Block Memory Generator (8.4)' for IP 'blk_mem_gen_0' (customized with software release 2019.1.1) has a different revision in the IP Catalog.
WARNING: [IP_Flow 19-2162] IP 'blk_mem_gen_1' is locked:
* IP definition 'Block Memory Generator (8.4)' for IP 'blk_mem_gen_1' (customized with software release 2019.1.1) has a different revision in the IP Catalog.
WARNING: [IP_Flow 19-2162] IP 'blk_mem_gen_2' is locked:
* IP definition 'Block Memory Generator (8.4)' for IP 'blk_mem_gen_2' (customized with software release 2019.1.1) has a different revision in the IP Catalog.
WARNING: [IP_Flow 19-2162] IP 'blk_mem_gen_4' is locked:
* IP definition 'Block Memory Generator (8.4)' for IP 'blk_mem_gen_4' (customized with software release 2019.1.1) has a different revision in the IP Catalog.
WARNING: [IP_Flow 19-2162] IP 'blk_mem_gen_3' is locked:
* IP definition 'Block Memory Generator (8.4)' for IP 'blk_mem_gen_3' (customized with software release 2019.1.1) has a different revision in the IP Catalog.
WARNING: [IP_Flow 19-2162] IP 'blk_mem_gen_5' is locked:
* IP definition 'Block Memory Generator (8.4)' for IP 'blk_mem_gen_5' (customized with software release 2019.1.1) has a different revision in the IP Catalog.
INFO: [Project 1-230] Project 'music_sequencer.xpr' upgraded for this version of Vivado.
open_project: Time (s): cpu = 00:00:13 ; elapsed = 00:00:11 . Memory (MB): peak = 1533.352 ; gain = 379.012
upgrade_project -migrate_output_products
WARNING: [IP_Flow 19-2162] IP 'blk_mem_gen_Display' is locked:
* IP definition 'Block Memory Generator (8.4)' for IP 'blk_mem_gen_Display' (customized with software release 2019.1.1) has a different revision in the IP Catalog.
INFO: [Coretcl 2-1816] Migrated 'blk_mem_gen_Display.xci'
  Source files are located in 'c:/Users/yuta0/Downloads/music_sequencer/music_sequencer/music_sequencer/music_sequencer.srcs/sources_1/ip/blk_mem_gen_Display'
  Output files are located in 'c:/Users/yuta0/Downloads/music_sequencer/music_sequencer/music_sequencer/music_sequencer.gen/sources_1/ip/blk_mem_gen_Display'.
WARNING: [IP_Flow 19-2162] IP 'blk_mem_gen_0' is locked:
* IP definition 'Block Memory Generator (8.4)' for IP 'blk_mem_gen_0' (customized with software release 2019.1.1) has a different revision in the IP Catalog.
INFO: [Coretcl 2-1816] Migrated 'blk_mem_gen_0.xci'
  Source files are located in 'c:/Users/yuta0/Downloads/music_sequencer/music_sequencer/music_sequencer/music_sequencer.srcs/sources_1/ip/blk_mem_gen_0'
  Output files are located in 'c:/Users/yuta0/Downloads/music_sequencer/music_sequencer/music_sequencer/music_sequencer.gen/sources_1/ip/blk_mem_gen_0'.
WARNING: [IP_Flow 19-2162] IP 'blk_mem_gen_1' is locked:
* IP definition 'Block Memory Generator (8.4)' for IP 'blk_mem_gen_1' (customized with software release 2019.1.1) has a different revision in the IP Catalog.
INFO: [Coretcl 2-1816] Migrated 'blk_mem_gen_1.xci'
  Source files are located in 'c:/Users/yuta0/Downloads/music_sequencer/music_sequencer/music_sequencer/music_sequencer.srcs/sources_1/ip/blk_mem_gen_1'
  Output files are located in 'c:/Users/yuta0/Downloads/music_sequencer/music_sequencer/music_sequencer/music_sequencer.gen/sources_1/ip/blk_mem_gen_1'.
WARNING: [IP_Flow 19-2162] IP 'blk_mem_gen_2' is locked:
* IP definition 'Block Memory Generator (8.4)' for IP 'blk_mem_gen_2' (customized with software release 2019.1.1) has a different revision in the IP Catalog.
INFO: [Coretcl 2-1816] Migrated 'blk_mem_gen_2.xci'
  Source files are located in 'c:/Users/yuta0/Downloads/music_sequencer/music_sequencer/music_sequencer/music_sequencer.srcs/sources_1/ip/blk_mem_gen_2'
  Output files are located in 'c:/Users/yuta0/Downloads/music_sequencer/music_sequencer/music_sequencer/music_sequencer.gen/sources_1/ip/blk_mem_gen_2'.
WARNING: [IP_Flow 19-2162] IP 'blk_mem_gen_4' is locked:
* IP definition 'Block Memory Generator (8.4)' for IP 'blk_mem_gen_4' (customized with software release 2019.1.1) has a different revision in the IP Catalog.
INFO: [Coretcl 2-1816] Migrated 'blk_mem_gen_4.xci'
  Source files are located in 'c:/Users/yuta0/Downloads/music_sequencer/music_sequencer/music_sequencer/music_sequencer.srcs/sources_1/ip/blk_mem_gen_4'
  Output files are located in 'c:/Users/yuta0/Downloads/music_sequencer/music_sequencer/music_sequencer/music_sequencer.gen/sources_1/ip/blk_mem_gen_4'.
WARNING: [IP_Flow 19-2162] IP 'blk_mem_gen_3' is locked:
* IP definition 'Block Memory Generator (8.4)' for IP 'blk_mem_gen_3' (customized with software release 2019.1.1) has a different revision in the IP Catalog.
INFO: [Coretcl 2-1816] Migrated 'blk_mem_gen_3.xci'
  Source files are located in 'c:/Users/yuta0/Downloads/music_sequencer/music_sequencer/music_sequencer/music_sequencer.srcs/sources_1/ip/blk_mem_gen_3'
  Output files are located in 'c:/Users/yuta0/Downloads/music_sequencer/music_sequencer/music_sequencer/music_sequencer.gen/sources_1/ip/blk_mem_gen_3'.
WARNING: [IP_Flow 19-2162] IP 'blk_mem_gen_5' is locked:
* IP definition 'Block Memory Generator (8.4)' for IP 'blk_mem_gen_5' (customized with software release 2019.1.1) has a different revision in the IP Catalog.
INFO: [Coretcl 2-1816] Migrated 'blk_mem_gen_5.xci'
  Source files are located in 'c:/Users/yuta0/Downloads/music_sequencer/music_sequencer/music_sequencer/music_sequencer.srcs/sources_1/ip/blk_mem_gen_5'
  Output files are located in 'c:/Users/yuta0/Downloads/music_sequencer/music_sequencer/music_sequencer/music_sequencer.gen/sources_1/ip/blk_mem_gen_5'.
report_ip_status -name ip_status 
update_compile_order -fileset sources_1
launch_runs synth_1 -jobs 8
[Sat Oct 21 13:57:42 2023] Launched synth_1...
Run output will be captured here: C:/Users/yuta0/Downloads/music_sequencer/music_sequencer/music_sequencer/music_sequencer.runs/synth_1/runme.log
open_run synth_1 -name synth_1
Design is defaulting to impl run constrset: constrs_1
Design is defaulting to synth run part: xc7a35tcpg236-1
INFO: [Device 21-403] Loading part xc7a35tcpg236-1
INFO: [Project 1-454] Reading design checkpoint 'c:/Users/yuta0/Downloads/music_sequencer/music_sequencer/music_sequencer/music_sequencer.gen/sources_1/ip/blk_mem_gen_0/blk_mem_gen_0.dcp' for cell 'b0'
INFO: [Project 1-454] Reading design checkpoint 'c:/Users/yuta0/Downloads/music_sequencer/music_sequencer/music_sequencer/music_sequencer.gen/sources_1/ip/blk_mem_gen_1/blk_mem_gen_1.dcp' for cell 'b1'
INFO: [Project 1-454] Reading design checkpoint 'c:/Users/yuta0/Downloads/music_sequencer/music_sequencer/music_sequencer/music_sequencer.gen/sources_1/ip/blk_mem_gen_2/blk_mem_gen_2.dcp' for cell 'b2'
INFO: [Project 1-454] Reading design checkpoint 'c:/Users/yuta0/Downloads/music_sequencer/music_sequencer/music_sequencer/music_sequencer.gen/sources_1/ip/blk_mem_gen_3/blk_mem_gen_3.dcp' for cell 'es1'
INFO: [Project 1-454] Reading design checkpoint 'c:/Users/yuta0/Downloads/music_sequencer/music_sequencer/music_sequencer/music_sequencer.gen/sources_1/ip/blk_mem_gen_5/blk_mem_gen_5.dcp' for cell 'es2'
INFO: [Project 1-454] Reading design checkpoint 'c:/Users/yuta0/Downloads/music_sequencer/music_sequencer/music_sequencer/music_sequencer.gen/sources_1/ip/blk_mem_gen_4/blk_mem_gen_4.dcp' for cell 'noiseBRAM'
INFO: [Project 1-454] Reading design checkpoint 'c:/Users/yuta0/Downloads/music_sequencer/music_sequencer/music_sequencer/music_sequencer.gen/sources_1/ip/blk_mem_gen_Display/blk_mem_gen_Display.dcp' for cell 'Display/Example/CHAR_LIB_COMP/Display'
Netlist sorting complete. Time (s): cpu = 00:00:00 ; elapsed = 00:00:00.044 . Memory (MB): peak = 1925.758 ; gain = 0.000
INFO: [Netlist 29-17] Analyzing 167 Unisim elements for replacement
INFO: [Netlist 29-28] Unisim Transformation completed in 0 CPU seconds
INFO: [Project 1-479] Netlist was created with Vivado 2019.1.1
INFO: [Project 1-570] Preparing netlist for logic optimization
Parsing XDC File [C:/Users/yuta0/Downloads/music_sequencer/music_sequencer/music_sequencer/music_sequencer.srcs/constrs_1/new/famicomConstr.xdc]
CRITICAL WARNING: [Common 17-69] Command failed: Site cannot be assigned to more than one port [C:/Users/yuta0/Downloads/music_sequencer/music_sequencer/music_sequencer/music_sequencer.srcs/constrs_1/new/famicomConstr.xdc:3]
WARNING: [Vivado 12-584] No ports matched 'SEG0[8]'. [C:/Users/yuta0/Downloads/music_sequencer/music_sequencer/music_sequencer/music_sequencer.srcs/constrs_1/new/famicomConstr.xdc:30]
CRITICAL WARNING: [Common 17-55] 'set_property' expects at least one object. [C:/Users/yuta0/Downloads/music_sequencer/music_sequencer/music_sequencer/music_sequencer.srcs/constrs_1/new/famicomConstr.xdc:30]
Resolution: If [get_<value>] was used to populate the object, check to make sure this command returns at least one valid object.
WARNING: [Vivado 12-584] No ports matched 'SEG0[7]'. [C:/Users/yuta0/Downloads/music_sequencer/music_sequencer/music_sequencer/music_sequencer.srcs/constrs_1/new/famicomConstr.xdc:31]
CRITICAL WARNING: [Common 17-55] 'set_property' expects at least one object. [C:/Users/yuta0/Downloads/music_sequencer/music_sequencer/music_sequencer/music_sequencer.srcs/constrs_1/new/famicomConstr.xdc:31]
Resolution: If [get_<value>] was used to populate the object, check to make sure this command returns at least one valid object.
WARNING: [Vivado 12-584] No ports matched 'SEG0[6]'. [C:/Users/yuta0/Downloads/music_sequencer/music_sequencer/music_sequencer/music_sequencer.srcs/constrs_1/new/famicomConstr.xdc:32]
CRITICAL WARNING: [Common 17-55] 'set_property' expects at least one object. [C:/Users/yuta0/Downloads/music_sequencer/music_sequencer/music_sequencer/music_sequencer.srcs/constrs_1/new/famicomConstr.xdc:32]
Resolution: If [get_<value>] was used to populate the object, check to make sure this command returns at least one valid object.
WARNING: [Vivado 12-584] No ports matched 'SEG0[5]'. [C:/Users/yuta0/Downloads/music_sequencer/music_sequencer/music_sequencer/music_sequencer.srcs/constrs_1/new/famicomConstr.xdc:33]
CRITICAL WARNING: [Common 17-55] 'set_property' expects at least one object. [C:/Users/yuta0/Downloads/music_sequencer/music_sequencer/music_sequencer/music_sequencer.srcs/constrs_1/new/famicomConstr.xdc:33]
Resolution: If [get_<value>] was used to populate the object, check to make sure this command returns at least one valid object.
WARNING: [Vivado 12-584] No ports matched 'SEG0[4]'. [C:/Users/yuta0/Downloads/music_sequencer/music_sequencer/music_sequencer/music_sequencer.srcs/constrs_1/new/famicomConstr.xdc:34]
CRITICAL WARNING: [Common 17-55] 'set_property' expects at least one object. [C:/Users/yuta0/Downloads/music_sequencer/music_sequencer/music_sequencer/music_sequencer.srcs/constrs_1/new/famicomConstr.xdc:34]
Resolution: If [get_<value>] was used to populate the object, check to make sure this command returns at least one valid object.
WARNING: [Vivado 12-584] No ports matched 'SEG0[3]'. [C:/Users/yuta0/Downloads/music_sequencer/music_sequencer/music_sequencer/music_sequencer.srcs/constrs_1/new/famicomConstr.xdc:35]
CRITICAL WARNING: [Common 17-55] 'set_property' expects at least one object. [C:/Users/yuta0/Downloads/music_sequencer/music_sequencer/music_sequencer/music_sequencer.srcs/constrs_1/new/famicomConstr.xdc:35]
Resolution: If [get_<value>] was used to populate the object, check to make sure this command returns at least one valid object.
WARNING: [Vivado 12-584] No ports matched 'SEG0[2]'. [C:/Users/yuta0/Downloads/music_sequencer/music_sequencer/music_sequencer/music_sequencer.srcs/constrs_1/new/famicomConstr.xdc:36]
CRITICAL WARNING: [Common 17-55] 'set_property' expects at least one object. [C:/Users/yuta0/Downloads/music_sequencer/music_sequencer/music_sequencer/music_sequencer.srcs/constrs_1/new/famicomConstr.xdc:36]
Resolution: If [get_<value>] was used to populate the object, check to make sure this command returns at least one valid object.
WARNING: [Vivado 12-584] No ports matched 'SEG0[1]'. [C:/Users/yuta0/Downloads/music_sequencer/music_sequencer/music_sequencer/music_sequencer.srcs/constrs_1/new/famicomConstr.xdc:37]
CRITICAL WARNING: [Common 17-55] 'set_property' expects at least one object. [C:/Users/yuta0/Downloads/music_sequencer/music_sequencer/music_sequencer/music_sequencer.srcs/constrs_1/new/famicomConstr.xdc:37]
Resolution: If [get_<value>] was used to populate the object, check to make sure this command returns at least one valid object.
WARNING: [Vivado 12-584] No ports matched 'SEG0[0]'. [C:/Users/yuta0/Downloads/music_sequencer/music_sequencer/music_sequencer/music_sequencer.srcs/constrs_1/new/famicomConstr.xdc:38]
CRITICAL WARNING: [Common 17-55] 'set_property' expects at least one object. [C:/Users/yuta0/Downloads/music_sequencer/music_sequencer/music_sequencer/music_sequencer.srcs/constrs_1/new/famicomConstr.xdc:38]
Resolution: If [get_<value>] was used to populate the object, check to make sure this command returns at least one valid object.
WARNING: [Vivado 12-584] No ports matched 'SEG1[11]'. [C:/Users/yuta0/Downloads/music_sequencer/music_sequencer/music_sequencer/music_sequencer.srcs/constrs_1/new/famicomConstr.xdc:39]
CRITICAL WARNING: [Common 17-55] 'set_property' expects at least one object. [C:/Users/yuta0/Downloads/music_sequencer/music_sequencer/music_sequencer/music_sequencer.srcs/constrs_1/new/famicomConstr.xdc:39]
Resolution: If [get_<value>] was used to populate the object, check to make sure this command returns at least one valid object.
WARNING: [Vivado 12-584] No ports matched 'SEG1[10]'. [C:/Users/yuta0/Downloads/music_sequencer/music_sequencer/music_sequencer/music_sequencer.srcs/constrs_1/new/famicomConstr.xdc:40]
CRITICAL WARNING: [Common 17-55] 'set_property' expects at least one object. [C:/Users/yuta0/Downloads/music_sequencer/music_sequencer/music_sequencer/music_sequencer.srcs/constrs_1/new/famicomConstr.xdc:40]
Resolution: If [get_<value>] was used to populate the object, check to make sure this command returns at least one valid object.
WARNING: [Vivado 12-584] No ports matched 'SEG1[9]'. [C:/Users/yuta0/Downloads/music_sequencer/music_sequencer/music_sequencer/music_sequencer.srcs/constrs_1/new/famicomConstr.xdc:41]
CRITICAL WARNING: [Common 17-55] 'set_property' expects at least one object. [C:/Users/yuta0/Downloads/music_sequencer/music_sequencer/music_sequencer/music_sequencer.srcs/constrs_1/new/famicomConstr.xdc:41]
Resolution: If [get_<value>] was used to populate the object, check to make sure this command returns at least one valid object.
Finished Parsing XDC File [C:/Users/yuta0/Downloads/music_sequencer/music_sequencer/music_sequencer/music_sequencer.srcs/constrs_1/new/famicomConstr.xdc]
INFO: [Opt 31-138] Pushed 0 inverter(s) to 0 load pin(s).
Netlist sorting complete. Time (s): cpu = 00:00:00 ; elapsed = 00:00:00.001 . Memory (MB): peak = 2026.641 ; gain = 0.000
INFO: [Project 1-111] Unisim Transformation Summary:
No Unisim elements were transformed.

open_run: Time (s): cpu = 00:00:09 ; elapsed = 00:00:12 . Memory (MB): peak = 2176.391 ; gain = 616.047
launch_runs impl_1 -to_step write_bitstream -jobs 8
INFO: [Timing 38-480] Writing timing data to binary archive.
Writing XDEF routing.
Writing XDEF routing logical nets.
Writing XDEF routing special nets.
Write XDEF Complete: Time (s): cpu = 00:00:00 ; elapsed = 00:00:00.063 . Memory (MB): peak = 2640.020 ; gain = 24.656
[Sat Oct 21 13:59:55 2023] Launched impl_1...
Run output will be captured here: C:/Users/yuta0/Downloads/music_sequencer/music_sequencer/music_sequencer/music_sequencer.runs/impl_1/runme.log
open_hw_manager
connect_hw_server -allow_non_jtag
INFO: [Labtools 27-2285] Connecting to hw_server url TCP:localhost:3121
INFO: [Labtools 27-2222] Launching hw_server...
INFO: [Labtools 27-2221] Launch Output:
ECHO は <OFF> です。
ECHO は <OFF> です。

****** Xilinx hw_server v2023.1
  **** Build date : May  7 2023 at 15:26:57
    ** Copyright 1986-2022 Xilinx, Inc. All Rights Reserved.


INFO: [Labtools 27-3415] Connecting to cs_server url TCP:localhost:0
INFO: [Labtools 27-3417] Launching cs_server...
INFO: [Labtools 27-2221] Launch Output:
ECHO は <OFF> です。
ECHO は <OFF> です。


******** Xilinx cs_server v2023.1.0
  ****** Build date   : Apr 11 2023-00:59:24
    **** Build number : 2023.1.1681142364
      ** Copyright 2017-2022 Xilinx, Inc. All Rights Reserved.
      ** Copyright 2022-2023 Advanced Micro Devices, Inc. All Rights Reserved.



connect_hw_server: Time (s): cpu = 00:00:01 ; elapsed = 00:00:08 . Memory (MB): peak = 2650.969 ; gain = 10.422
open_hw_target
INFO: [Labtoolstcl 44-466] Opening hw_target localhost:3121/xilinx_tcf/Digilent/210183AB43F3A
set_property PROGRAM.FILE {C:/Users/yuta0/Downloads/music_sequencer/music_sequencer/music_sequencer/music_sequencer.runs/impl_1/famicom.bit} [get_hw_devices xc7a35t_0]
current_hw_device [get_hw_devices xc7a35t_0]
refresh_hw_device -update_hw_probes false [lindex [get_hw_devices xc7a35t_0] 0]
INFO: [Labtools 27-1435] Device xc7a35t (JTAG device index = 0) is not programmed (DONE status = 0).
create_hw_cfgmem -hw_device [get_hw_devices xc7a35t_0] -mem_dev [lindex [get_cfgmem_parts {s25fl032p-spi-x1_x2_x4}] 0]
ERROR: [Labtoolstcl 44-513] HW Target shutdown. Closing target: localhost:3121/xilinx_tcf/Digilent/210183AB43F3A
INFO: [Labtoolstcl 44-466] Opening hw_target localhost:3121/xilinx_tcf/Digilent/210183AB43F3A
INFO: [Labtools 27-1435] Device xc7a35t (JTAG device index = 0) is not programmed (DONE status = 0).
WARNING: [Labtoolstcl 44-129] No matching hw_ila_data was found.
set_property PROBES.FILE {} [get_hw_devices xc7a35t_0]
set_property FULL_PROBES.FILE {} [get_hw_devices xc7a35t_0]
set_property PROGRAM.FILE {C:/Xilinx/Vivado/2023.1/data/xicom/cfgmem/uboot/versal_net_emmc.bin} [get_hw_devices xc7a35t_0]
program_hw_devices [get_hw_devices xc7a35t_0]
ERROR: [Labtools 27-3165] End of startup status: LOW
ERROR: [Common 17-39] 'program_hw_devices' failed due to earlier errors.
set_property PROBES.FILE {} [get_hw_devices xc7a35t_0]
set_property FULL_PROBES.FILE {} [get_hw_devices xc7a35t_0]
set_property PROGRAM.FILE {C:/Xilinx/Vivado/2023.1/data/xicom/cfgmem/uboot/versal_net_emmc.bin} [get_hw_devices xc7a35t_0]
program_hw_devices [get_hw_devices xc7a35t_0]
ERROR: [Labtools 27-3165] End of startup status: LOW
ERROR: [Common 17-39] 'program_hw_devices' failed due to earlier errors.
reset_run impl_1 -prev_step 
launch_runs impl_1 -to_step write_bitstream -jobs 8
[Sat Oct 21 14:05:17 2023] Launched impl_1...
Run output will be captured here: C:/Users/yuta0/Downloads/music_sequencer/music_sequencer/music_sequencer/music_sequencer.runs/impl_1/runme.log
set_property PROBES.FILE {} [get_hw_devices xc7a35t_0]
set_property FULL_PROBES.FILE {} [get_hw_devices xc7a35t_0]
set_property PROGRAM.FILE {C:/Xilinx/Vivado/2023.1/data/xicom/cfgmem/uboot/versal_net_emmc.bin} [get_hw_devices xc7a35t_0]
program_hw_devices [get_hw_devices xc7a35t_0]
ERROR: [Labtools 27-3165] End of startup status: LOW
ERROR: [Common 17-39] 'program_hw_devices' failed due to earlier errors.
refresh_hw_device [lindex [get_hw_devices xc7a35t_0] 0]
INFO: [Labtools 27-1435] Device xc7a35t (JTAG device index = 0) is not programmed (DONE status = 0).
set_property PROBES.FILE {} [get_hw_devices xc7a35t_0]
set_property FULL_PROBES.FILE {} [get_hw_devices xc7a35t_0]
set_property PROGRAM.FILE {C:/Xilinx/Vivado/2023.1/data/xicom/cfgmem/uboot/versal_net_emmc.bin} [get_hw_devices xc7a35t_0]
program_hw_devices [get_hw_devices xc7a35t_0]
ERROR: [Labtools 27-3165] End of startup status: LOW
ERROR: [Common 17-39] 'program_hw_devices' failed due to earlier errors.
set_property PROBES.FILE {} [get_hw_devices xc7a35t_0]
set_property FULL_PROBES.FILE {} [get_hw_devices xc7a35t_0]
set_property PROGRAM.FILE {C:/Xilinx/Vivado/2023.1/data/xicom/cfgmem/uboot/versal_net_emmc.bin} [get_hw_devices xc7a35t_0]
program_hw_devices [get_hw_devices xc7a35t_0]
ERROR: [Labtools 27-3165] End of startup status: LOW
ERROR: [Common 17-39] 'program_hw_devices' failed due to earlier errors.
exit
INFO: [Common 17-206] Exiting Vivado at Sat Oct 21 14:08:13 2023...
