INFO: [VRFC 10-2263] Analyzing Verilog file "C:/Users/kenta/Desktop/module0712/module0712.srcs/sources_1/ip/blk_mem_gen_3/sim/blk_mem_gen_3.v" into library xil_defaultlib
INFO: [VRFC 10-311] analyzing module blk_mem_gen_3
INFO: [VRFC 10-2263] Analyzing Verilog file "C:/Users/kenta/Desktop/module0712/module0712.srcs/sources_1/ip/blk_mem_gen_4/sim/blk_mem_gen_4.v" into library xil_defaultlib
INFO: [VRFC 10-311] analyzing module blk_mem_gen_4
INFO: [VRFC 10-2263] Analyzing Verilog file "C:/Users/kenta/Desktop/module0712/module0712.srcs/sources_1/ip/blk_mem_gen_2/sim/blk_mem_gen_2.v" into library xil_defaultlib
INFO: [VRFC 10-311] analyzing module blk_mem_gen_2
INFO: [VRFC 10-2263] Analyzing Verilog file "C:/Users/kenta/Desktop/module0712/module0712.srcs/sources_1/ip/blk_mem_gen_1/sim/blk_mem_gen_1.v" into library xil_defaultlib
INFO: [VRFC 10-311] analyzing module blk_mem_gen_1
INFO: [VRFC 10-2263] Analyzing Verilog file "C:/Users/kenta/Desktop/module0712/module0712.srcs/sources_1/ip/blk_mem_gen_0/sim/blk_mem_gen_0.v" into library xil_defaultlib
INFO: [VRFC 10-311] analyzing module blk_mem_gen_0
INFO: [VRFC 10-2263] Analyzing Verilog file "C:/Users/kenta/Desktop/module0712/module0712.srcs/sources_1/new/Coin.v" into library xil_defaultlib
INFO: [VRFC 10-311] analyzing module coin
INFO: [VRFC 10-2263] Analyzing Verilog file "C:/Users/kenta/Desktop/module0712/module0712.srcs/sources_1/new/LFSR.v" into library xil_defaultlib
INFO: [VRFC 10-311] analyzing module LFSR
INFO: [VRFC 10-2263] Analyzing Verilog file "C:/Users/kenta/Desktop/module0712/module0712.srcs/sources_1/new/famicom.v" into library xil_defaultlib
INFO: [VRFC 10-311] analyzing module famicom
INFO: [VRFC 10-2263] Analyzing Verilog file "C:/Users/kenta/Desktop/module0712/module0712.srcs/sources_1/new/mixer.v" into library xil_defaultlib
INFO: [VRFC 10-311] analyzing module mixer
INFO: [VRFC 10-2263] Analyzing Verilog file "C:/Users/kenta/Desktop/module0712/module0712.srcs/sources_1/new/noiseGenerator.v" into library xil_defaultlib
INFO: [VRFC 10-311] analyzing module noiseGenerator
INFO: [VRFC 10-2263] Analyzing Verilog file "C:/Users/kenta/Desktop/module0712/module0712.srcs/sources_1/new/pwm.v" into library xil_defaultlib
INFO: [VRFC 10-311] analyzing module pwm
INFO: [VRFC 10-2263] Analyzing Verilog file "C:/Users/kenta/Desktop/module0712/module0712.srcs/sources_1/new/sequencer.v" into library xil_defaultlib
INFO: [VRFC 10-311] analyzing module sequencer
INFO: [VRFC 10-2263] Analyzing Verilog file "C:/Users/kenta/Desktop/module0712/module0712.srcs/sources_1/new/soundEffectCtrl.v" into library xil_defaultlib
INFO: [VRFC 10-311] analyzing module soundEffectCtrl
INFO: [VRFC 10-2263] Analyzing Verilog file "C:/Users/kenta/Desktop/module0712/module0712.srcs/sources_1/new/squarewave.v" into library xil_defaultlib
INFO: [VRFC 10-311] analyzing module squarewave
INFO: [VRFC 10-2263] Analyzing Verilog file "C:/Users/kenta/Desktop/module0712/module0712.srcs/sources_1/new/tenMSecCounter.v" into library xil_defaultlib
INFO: [VRFC 10-311] analyzing module tenMSecCounter
INFO: [VRFC 10-2263] Analyzing Verilog file "C:/Users/kenta/Desktop/module0712/module0712.srcs/sources_1/new/traianglewave_state.v" into library xil_defaultlib
INFO: [VRFC 10-311] analyzing module traianglewave_state
INFO: [VRFC 10-2263] Analyzing Verilog file "C:/Users/kenta/Desktop/module0712/module0712.srcs/sim_1/new/Test_famicom.v" into library xil_defaultlib
INFO: [VRFC 10-311] analyzing module Test_famicom
INFO: [VRFC 10-2263] Analyzing Verilog file "C:/Users/kenta/Desktop/module0712/module0712.sim/sim_1/behav/glbl.v" into library xil_defaultlib
INFO: [VRFC 10-311] analyzing module glbl
