INFO: [VRFC 10-2263] Analyzing Verilog file "C:/Users/yuta0/music_sequencer_2_copy/music_sequencer/music_sequencer.gen/sources_1/ip/blk_mem_gen_5/sim/blk_mem_gen_5.v" into library xil_defaultlib
INFO: [VRFC 10-311] analyzing module blk_mem_gen_5
INFO: [VRFC 10-2263] Analyzing Verilog file "C:/Users/yuta0/music_sequencer_2_copy/music_sequencer/music_sequencer.gen/sources_1/ip/blk_mem_gen_3/sim/blk_mem_gen_3.v" into library xil_defaultlib
INFO: [VRFC 10-311] analyzing module blk_mem_gen_3
INFO: [VRFC 10-2263] Analyzing Verilog file "C:/Users/yuta0/music_sequencer_2_copy/music_sequencer/music_sequencer.gen/sources_1/ip/blk_mem_gen_4/sim/blk_mem_gen_4.v" into library xil_defaultlib
INFO: [VRFC 10-311] analyzing module blk_mem_gen_4
INFO: [VRFC 10-2263] Analyzing Verilog file "C:/Users/yuta0/music_sequencer_2_copy/music_sequencer/music_sequencer.gen/sources_1/ip/blk_mem_gen_2/sim/blk_mem_gen_2.v" into library xil_defaultlib
INFO: [VRFC 10-311] analyzing module blk_mem_gen_2
INFO: [VRFC 10-2263] Analyzing Verilog file "C:/Users/yuta0/music_sequencer_2_copy/music_sequencer/music_sequencer.gen/sources_1/ip/blk_mem_gen_1/sim/blk_mem_gen_1.v" into library xil_defaultlib
INFO: [VRFC 10-311] analyzing module blk_mem_gen_1
INFO: [VRFC 10-2263] Analyzing Verilog file "C:/Users/yuta0/music_sequencer_2_copy/music_sequencer/music_sequencer.gen/sources_1/ip/blk_mem_gen_0/sim/blk_mem_gen_0.v" into library xil_defaultlib
INFO: [VRFC 10-311] analyzing module blk_mem_gen_0
INFO: [VRFC 10-2263] Analyzing Verilog file "C:/Users/yuta0/music_sequencer_2_copy/music_sequencer/music_sequencer.gen/sources_1/ip/blk_mem_gen_Display/sim/blk_mem_gen_Display.v" into library xil_defaultlib
INFO: [VRFC 10-311] analyzing module blk_mem_gen_Display
INFO: [VRFC 10-2263] Analyzing Verilog file "C:/Users/yuta0/music_sequencer_2_copy/music_sequencer/music_sequencer.srcs/sources_1/new/Coin.v" into library xil_defaultlib
INFO: [VRFC 10-311] analyzing module coin
INFO: [VRFC 10-2263] Analyzing Verilog file "C:/Users/yuta0/music_sequencer_2_copy/music_sequencer/music_sequencer.srcs/sources_1/new/LFSR.v" into library xil_defaultlib
INFO: [VRFC 10-311] analyzing module LFSR
INFO: [VRFC 10-2263] Analyzing Verilog file "C:/Users/yuta0/music_sequencer_2_copy/music_sequencer/music_sequencer.srcs/sources_1/new/charLib_Verilog.v" into library xil_defaultlib
INFO: [VRFC 10-311] analyzing module charLib_Verilog
INFO: [VRFC 10-2263] Analyzing Verilog file "C:/Users/yuta0/music_sequencer_2_copy/music_sequencer/music_sequencer.srcs/sources_1/new/famicom.v" into library xil_defaultlib
INFO: [VRFC 10-311] analyzing module famicom
INFO: [VRFC 10-2263] Analyzing Verilog file "C:/Users/yuta0/music_sequencer_2_copy/music_sequencer/music_sequencer.srcs/sources_1/new/mixer.v" into library xil_defaultlib
INFO: [VRFC 10-311] analyzing module mixer
INFO: [VRFC 10-2263] Analyzing Verilog file "C:/Users/yuta0/music_sequencer_2_copy/music_sequencer/music_sequencer.srcs/sources_1/new/noiseGenerator.v" into library xil_defaultlib
INFO: [VRFC 10-311] analyzing module noiseGenerator
INFO: [VRFC 10-2263] Analyzing Verilog file "C:/Users/yuta0/music_sequencer_2_copy/music_sequencer/music_sequencer.srcs/sources_1/new/pwm_6bit.v" into library xil_defaultlib
INFO: [VRFC 10-311] analyzing module pwm_6bit
INFO: [VRFC 10-2263] Analyzing Verilog file "C:/Users/yuta0/music_sequencer_2_copy/music_sequencer/music_sequencer.srcs/sources_1/new/sequencer.v" into library xil_defaultlib
INFO: [VRFC 10-311] analyzing module sequencer
INFO: [VRFC 10-2263] Analyzing Verilog file "C:/Users/yuta0/music_sequencer_2_copy/music_sequencer/music_sequencer.srcs/sources_1/new/soundEffectCtrl.v" into library xil_defaultlib
INFO: [VRFC 10-311] analyzing module soundEffectCtrl
INFO: [VRFC 10-2263] Analyzing Verilog file "C:/Users/yuta0/music_sequencer_2_copy/music_sequencer/music_sequencer.srcs/sources_1/new/squarewave.v" into library xil_defaultlib
INFO: [VRFC 10-311] analyzing module squarewave
INFO: [VRFC 10-2263] Analyzing Verilog file "C:/Users/yuta0/music_sequencer_2_copy/music_sequencer/music_sequencer.srcs/sources_1/new/tenMSecCounter.v" into library xil_defaultlib
INFO: [VRFC 10-311] analyzing module tenMSecCounter
INFO: [VRFC 10-2263] Analyzing Verilog file "C:/Users/yuta0/music_sequencer_2_copy/music_sequencer/music_sequencer.srcs/sources_1/new/traianglewave.v" into library xil_defaultlib
INFO: [VRFC 10-311] analyzing module traianglewave
INFO: [VRFC 10-2263] Analyzing Verilog file "C:/Users/yuta0/music_sequencer_2_copy/music_sequencer/music_sequencer.srcs/sim_1/new/Test_famicom.v" into library xil_defaultlib
INFO: [VRFC 10-311] analyzing module Test_famicom
